<?xml version="1.0" encoding="UTF-8"?>
<!-- Generated by org.testng.reporters.JUnitXMLReporter -->
<testsuite ignored="0" hostname="LAPTOP-RGBD5RIE" failures="0" tests="5" name="Test" time="246.128" errors="0" timestamp="2026-01-21T16:41:47 IST">
  <testcase classname="testCases.TC_004_LoginDDT" name="verify_loginDDT" time="18.226"/>
  <testcase classname="testCases.TC_004_LoginDDT" name="verify_loginDDT" time="18.257"/>
  <testcase classname="testCases.TC_004_LoginDDT" name="verify_loginDDT" time="18.406"/>
  <testcase classname="testCases.TC_004_LoginDDT" name="verify_loginDDT" time="16.031"/>
  <testcase classname="testCases.TC_004_LoginDDT" name="verify_loginDDT" time="157.739"/>
</testsuite> <!-- Test -->
