<?xml version="1.0" encoding="UTF-8"?>
<testng-results ignored="0" total="5" passed="5" failed="0" skipped="0">
  <reporter-output>
  </reporter-output>
  <suite started-at="2026-01-21T16:37:39 IST" name="Suite" finished-at="2026-01-21T16:41:45 IST" duration-ms="246128">
    <groups>
    </groups>
    <test started-at="2026-01-21T16:37:39 IST" name="Test" finished-at="2026-01-21T16:41:45 IST" duration-ms="246128">
      <class name="testCases.TC_004_LoginDDT">
        <test-method is-config="true" signature="setup(java.lang.String,java.lang.String)[pri:0, instance:testCases.TC_004_LoginDDT@38afe297]" started-at="2026-01-21T16:37:39 IST" name="setup" finished-at="2026-01-21T16:37:52 IST" duration-ms="12565" status="PASS">
          <params>
            <param index="0">
              <value>
                <![CDATA[Windows]]>
              </value>
            </param>
            <param index="1">
              <value>
                <![CDATA[chrome]]>
              </value>
            </param>
          </params>
          <reporter-output>
          </reporter-output>
        </test-method> <!-- setup -->
        <test-method signature="verify_loginDDT(java.lang.String,java.lang.String,java.lang.String)[pri:0, instance:testCases.TC_004_LoginDDT@38afe297]" started-at="2026-01-21T16:37:56 IST" name="verify_loginDDT" data-provider="LoginData" finished-at="2026-01-21T16:38:14 IST" duration-ms="18226" status="PASS">
          <params>
            <param index="0">
              <value>
                <![CDATA[pratikatwork@gmail.com]]>
              </value>
            </param>
            <param index="1">
              <value>
                <![CDATA[Pratik123]]>
              </value>
            </param>
            <param index="2">
              <value>
                <![CDATA[Invalid]]>
              </value>
            </param>
          </params>
          <reporter-output>
          </reporter-output>
        </test-method> <!-- verify_loginDDT -->
        <test-method signature="verify_loginDDT(java.lang.String,java.lang.String,java.lang.String)[pri:0, instance:testCases.TC_004_LoginDDT@38afe297]" started-at="2026-01-21T16:38:14 IST" name="verify_loginDDT" data-provider="LoginData" finished-at="2026-01-21T16:38:32 IST" duration-ms="18257" status="PASS">
          <params>
            <param index="0">
              <value>
                <![CDATA[lakshmi@yahoo.com]]>
              </value>
            </param>
            <param index="1">
              <value>
                <![CDATA[Laxmi]]>
              </value>
            </param>
            <param index="2">
              <value>
                <![CDATA[Invalid]]>
              </value>
            </param>
          </params>
          <reporter-output>
          </reporter-output>
        </test-method> <!-- verify_loginDDT -->
        <test-method signature="verify_loginDDT(java.lang.String,java.lang.String,java.lang.String)[pri:0, instance:testCases.TC_004_LoginDDT@38afe297]" started-at="2026-01-21T16:38:32 IST" name="verify_loginDDT" data-provider="LoginData" finished-at="2026-01-21T16:38:51 IST" duration-ms="18406" status="PASS">
          <params>
            <param index="0">
              <value>
                <![CDATA[laksh@yahoo.com]]>
              </value>
            </param>
            <param index="1">
              <value>
                <![CDATA[Lakshmi]]>
              </value>
            </param>
            <param index="2">
              <value>
                <![CDATA[Invalid]]>
              </value>
            </param>
          </params>
          <reporter-output>
          </reporter-output>
        </test-method> <!-- verify_loginDDT -->
        <test-method signature="verify_loginDDT(java.lang.String,java.lang.String,java.lang.String)[pri:0, instance:testCases.TC_004_LoginDDT@38afe297]" started-at="2026-01-21T16:38:51 IST" name="verify_loginDDT" data-provider="LoginData" finished-at="2026-01-21T16:39:07 IST" duration-ms="16031" status="PASS">
          <params>
            <param index="0">
              <value>
                <![CDATA[laks@yahoo.com]]>
              </value>
            </param>
            <param index="1">
              <value>
                <![CDATA[xyz]]>
              </value>
            </param>
            <param index="2">
              <value>
                <![CDATA[Invalid]]>
              </value>
            </param>
          </params>
          <reporter-output>
          </reporter-output>
        </test-method> <!-- verify_loginDDT -->
        <test-method signature="verify_loginDDT(java.lang.String,java.lang.String,java.lang.String)[pri:0, instance:testCases.TC_004_LoginDDT@38afe297]" started-at="2026-01-21T16:39:07 IST" name="verify_loginDDT" data-provider="LoginData" finished-at="2026-01-21T16:41:44 IST" duration-ms="157739" status="PASS">
          <params>
            <param index="0">
              <value>
                <![CDATA[asdfghhjk@gmail.com]]>
              </value>
            </param>
            <param index="1">
              <value>
                <![CDATA[pratik]]>
              </value>
            </param>
            <param index="2">
              <value>
                <![CDATA[Valid]]>
              </value>
            </param>
          </params>
          <reporter-output>
          </reporter-output>
        </test-method> <!-- verify_loginDDT -->
        <test-method is-config="true" signature="tearDown()[pri:0, instance:testCases.TC_004_LoginDDT@38afe297]" started-at="2026-01-21T16:41:44 IST" name="tearDown" finished-at="2026-01-21T16:41:45 IST" duration-ms="605" status="PASS">
          <reporter-output>
          </reporter-output>
        </test-method> <!-- tearDown -->
      </class> <!-- testCases.TC_004_LoginDDT -->
    </test> <!-- Test -->
  </suite> <!-- Suite -->
</testng-results>
