<?xml version="1.0" encoding="UTF-8"?>
<!-- Generated by org.testng.reporters.JUnitReportReporter -->
<testsuite hostname="LAPTOP-RGBD5RIE" failures="0" tests="3" name="testCases.TC_002_LoginTest" time="39.196" errors="0" timestamp="2026-03-31T23:27:18 IST" skipped="0">
  <testcase classname="testCases.TC_002_LoginTest" name="verify_login" time="15.160"/>
  <testcase classname="testCases.TC_002_LoginTest" name="verify_login" time="10.108"/>
  <testcase classname="testCases.TC_002_LoginTest" name="verify_login" time="13.928"/>
</testsuite> <!-- testCases.TC_002_LoginTest -->
