<?xml version="1.0" encoding="UTF-8"?>
<!-- Generated by org.testng.reporters.JUnitReportReporter -->
<testsuite hostname="LAPTOP-RGBD5RIE" failures="0" tests="5" name="testCases.TC_004_LoginDDT" time="228.659" errors="0" timestamp="2026-01-21T16:41:48 IST" skipped="0">
  <testcase classname="testCases.TC_004_LoginDDT" name="verify_loginDDT" time="18.257"/>
  <testcase classname="testCases.TC_004_LoginDDT" name="verify_loginDDT" time="157.739"/>
  <testcase classname="testCases.TC_004_LoginDDT" name="verify_loginDDT" time="16.031"/>
  <testcase classname="testCases.TC_004_LoginDDT" name="verify_loginDDT" time="18.226"/>
  <testcase classname="testCases.TC_004_LoginDDT" name="verify_loginDDT" time="18.406"/>
</testsuite> <!-- testCases.TC_004_LoginDDT -->
